DEBUG:root:Selected Sample Option
DEBUG:root:enterd interation No:0
ERROR:root:2017-12-26 18:28:16.628368
ERROR:root:Internet Connection Not Established
DEBUG:root:enterd interation No:1
DEBUG:root:Sending to : Sharmi
DEBUG:root:enterd interation No:2
DEBUG:root:Sending to : Deepa
DEBUG:root:Selected Actual Customers Option
DEBUG:root:enterd interation No:441
DEBUG:root:Selected Sample Option
DEBUG:root:enterd interation No:0
DEBUG:root:Sending to : Naveeniyantras

DEBUG:root:Selected Sample Option
DEBUG:root:enterd interation No:0
DEBUG:root:Sending to : Naveeniyantras

DEBUG:root:Selected Sample Option
DEBUG:root:enterd interation No:0
DEBUG:root:Sending to : Sharmi
DEBUG:root:enterd interation No:1
DEBUG:root:Sending to : be
DEBUG:root:enterd interation No:2
DEBUG:root:Sending to : Deepa
DEBUG:root:enterd interation No:3
DEBUG:root:Sending to : Swathi
DEBUG:root:enterd interation No:4
DEBUG:root:Sending to : Priya
DEBUG:root:enterd interation No:5
DEBUG:root:Sending to : Lakshmi 
DEBUG:root:enterd interation No:6
DEBUG:root:Sending to : Kavitha 
DEBUG:root:enterd interation No:7
DEBUG:root:Sending to : Muthu
DEBUG:root:enterd interation No:8
DEBUG:root:Sending to : Sharmibe
DEBUG:root:enterd interation No:9
DEBUG:root:Sending to : Raghu
DEBUG:root:Selected Sample Option
DEBUG:root:enterd interation No:0
DEBUG:root:Sending to : Sharmi
DEBUG:root:enterd interation No:1
DEBUG:root:Sending to : be
DEBUG:root:enterd interation No:2
DEBUG:root:Sending to : Deepa
DEBUG:root:enterd interation No:3
DEBUG:root:Sending to : Swathi
DEBUG:root:enterd interation No:4
DEBUG:root:Sending to : Priya
DEBUG:root:enterd interation No:5
DEBUG:root:Sending to : Lakshmi 
DEBUG:root:enterd interation No:6
DEBUG:root:Sending to : Kavitha 
DEBUG:root:enterd interation No:7
DEBUG:root:Sending to : Muthu
DEBUG:root:enterd interation No:8
DEBUG:root:Sending to : Sharmibe
DEBUG:root:enterd interation No:9
DEBUG:root:Sending to : Raghu
DEBUG:root:Selected Actual Customers Option
DEBUG:root:enterd interation No:441
DEBUG:root:Selected Actual Customers Option
DEBUG:root:enterd interation No:441
DEBUG:root:Selected Sample Option
DEBUG:root:enterd interation No:0
DEBUG:root:Sending to : Sharmi
DEBUG:root:Selected Actual Customers Option
DEBUG:root:enterd interation No:441
DEBUG:root:Selected Actual Customers Option
DEBUG:root:enterd interation No:352
DEBUG:root:Sending to : Ch Pani Kumar
DEBUG:root:enterd interation No:353
ERROR:root:Unexpected Error Occured
ERROR:root:2017-12-27 17:58:57.183946
ERROR:root:Sent upto: 353
ERROR:root:Sent with: 1
DEBUG:root:enterd interation No:354
DEBUG:root:Sending to : Ashwanthi Hanchate
DEBUG:root:enterd interation No:355
DEBUG:root:Sending to : Prasad Ramaswamy
DEBUG:root:enterd interation No:356
ERROR:root:Unexpected Error Occured
ERROR:root:2017-12-27 17:58:57.183946
ERROR:root:Sent upto: 356
ERROR:root:Sent with: 2
DEBUG:root:enterd interation No:357
DEBUG:root:Sending to : Guruprasad S
DEBUG:root:enterd interation No:358
DEBUG:root:Sending to : Ratula Sarkar
DEBUG:root:enterd interation No:359
DEBUG:root:Sending to : SUBRAMANIAN
DEBUG:root:enterd interation No:360
DEBUG:root:Sending to : Mahalakshmi
DEBUG:root:enterd interation No:361
DEBUG:root:Sending to : Rama Thomas
DEBUG:root:enterd interation No:362
DEBUG:root:Sending to : Ram
DEBUG:root:enterd interation No:363
DEBUG:root:Sending to : Mukta Velhankar
DEBUG:root:enterd interation No:364
DEBUG:root:Sending to : Sudhakar  Reddy
DEBUG:root:enterd interation No:365
DEBUG:root:Sending to : Raj Kumar Donepudi   
DEBUG:root:enterd interation No:366
DEBUG:root:Sending to : Prakashit Gaur    
DEBUG:root:enterd interation No:367
DEBUG:root:Sending to : Ganesh  Laxminarayan   
DEBUG:root:enterd interation No:368
DEBUG:root:Sending to : Karthik Balachandran   
DEBUG:root:enterd interation No:369
DEBUG:root:Sending to : Joseph
DEBUG:root:enterd interation No:370
DEBUG:root:Sending to : Apoorva Kumar
DEBUG:root:enterd interation No:371
DEBUG:root:Sending to : Reharini
DEBUG:root:enterd interation No:372
DEBUG:root:Sending to : Christina Lord
DEBUG:root:enterd interation No:373
DEBUG:root:Sending to : Goldy Wallia
DEBUG:root:enterd interation No:374
DEBUG:root:Sending to : Nilesh
DEBUG:root:enterd interation No:375
DEBUG:root:Sending to : Cowmatti Balram 
DEBUG:root:enterd interation No:376
DEBUG:root:Sending to : Padmashree
DEBUG:root:enterd interation No:377
DEBUG:root:Sending to : Vijay Kovoor
DEBUG:root:enterd interation No:378
DEBUG:root:Sending to : Sahana
DEBUG:root:enterd interation No:379
DEBUG:root:Sending to : Vemal Kulasingam
DEBUG:root:enterd interation No:380
DEBUG:root:Sending to : angie leslie
DEBUG:root:enterd interation No:381
DEBUG:root:Sending to : Ravindra
DEBUG:root:enterd interation No:382
DEBUG:root:Sending to : John 
DEBUG:root:enterd interation No:383
DEBUG:root:Sending to : Vasanthi Madireddy
DEBUG:root:enterd interation No:384
DEBUG:root:Sending to : Uma Shailendra
DEBUG:root:enterd interation No:385
DEBUG:root:Sending to : AppalaNarasimha Murti
DEBUG:root:enterd interation No:386
DEBUG:root:Sending to : Ramamoorthy Sundaram
DEBUG:root:enterd interation No:387
DEBUG:root:Sending to : Rebecca Ritter
DEBUG:root:enterd interation No:388
DEBUG:root:Sending to : reia jaikaran
DEBUG:root:enterd interation No:389
DEBUG:root:Sending to : Sashi Ranjan Prasad Singh
DEBUG:root:enterd interation No:390
ERROR:root:2017-12-27 17:58:57.183946
ERROR:root:Internet Connection Not Established
DEBUG:root:Selected Actual Customers Option
DEBUG:root:enterd interation No:389
DEBUG:root:Sending to : Sashi Ranjan Prasad Singh
DEBUG:root:enterd interation No:390
DEBUG:root:Sending to : vishal gudla
DEBUG:root:enterd interation No:391
DEBUG:root:Sending to : Gopinath Bhushan 
DEBUG:root:enterd interation No:392
DEBUG:root:Sending to : VENKATESH BALASUBRAMANIAM
DEBUG:root:enterd interation No:393
ERROR:root:Unexpected Error Occured
ERROR:root:2017-12-27 18:08:37.727769
ERROR:root:Sent upto: 393
ERROR:root:Sent with: 3
DEBUG:root:enterd interation No:394
DEBUG:root:Sending to : Premnath M
DEBUG:root:enterd interation No:395
DEBUG:root:Sending to : VASUBABU NANNAPANENI
DEBUG:root:enterd interation No:396
DEBUG:root:Sending to : Smarth Vig
DEBUG:root:enterd interation No:397
DEBUG:root:Sending to : satish bhargav
DEBUG:root:enterd interation No:398
DEBUG:root:Sending to : Sharmila
DEBUG:root:enterd interation No:399
DEBUG:root:Sending to : Mini Sharma
DEBUG:root:enterd interation No:400
DEBUG:root:Sending to : Sharmi
DEBUG:root:enterd interation No:401
DEBUG:root:Sending to : Subramanyam
DEBUG:root:enterd interation No:402
DEBUG:root:Sending to : vamsi kalyan
DEBUG:root:enterd interation No:403
DEBUG:root:Sending to : Tarun Raval 
DEBUG:root:enterd interation No:404
DEBUG:root:Sending to : viji Ramanathan
DEBUG:root:enterd interation No:405
DEBUG:root:Sending to : Ramprasad rao revoori
DEBUG:root:enterd interation No:406
DEBUG:root:Sending to : Gopal
DEBUG:root:enterd interation No:407
DEBUG:root:Sending to : Pearl Coelho
DEBUG:root:enterd interation No:408
DEBUG:root:Sending to : Sumitha
DEBUG:root:enterd interation No:409
DEBUG:root:Sending to : Sanjeev
DEBUG:root:enterd interation No:410
DEBUG:root:Sending to : Sundip
DEBUG:root:enterd interation No:411
ERROR:root:Unexpected Error Occured
ERROR:root:2017-12-27 18:08:37.727769
ERROR:root:Sent upto: 411
ERROR:root:Sent with: 4
DEBUG:root:enterd interation No:412
DEBUG:root:Selected Actual Customers Option
DEBUG:root:enterd interation No:411
ERROR:root:Unexpected Error Occured
ERROR:root:2017-12-27 18:17:40.629938
ERROR:root:Sent upto: 411
ERROR:root:Sent with: 1
DEBUG:root:enterd interation No:412
DEBUG:root:Selected Actual Customers Option
DEBUG:root:enterd interation No:411
ERROR:root:Unexpected Error Occured
ERROR:root:2017-12-27 18:18:21.079417
ERROR:root:Sent upto: 411
ERROR:root:Sent with: 0
DEBUG:root:enterd interation No:412
DEBUG:root:Sending to : vinoth
DEBUG:root:enterd interation No:413
DEBUG:root:Sending to : Rohan
DEBUG:root:enterd interation No:414
DEBUG:root:Sending to : Murali
DEBUG:root:enterd interation No:415
DEBUG:root:Sending to : Ramprathap
DEBUG:root:enterd interation No:416
DEBUG:root:Sending to : Sudhakar  Reddy
DEBUG:root:enterd interation No:417
DEBUG:root:Sending to : Subbrayan
DEBUG:root:enterd interation No:418
DEBUG:root:Sending to : Avani
DEBUG:root:enterd interation No:419
DEBUG:root:Sending to : Rajani
DEBUG:root:enterd interation No:420
DEBUG:root:Sending to : Sathia humar
DEBUG:root:enterd interation No:421
DEBUG:root:Sending to : Thaniyesh
DEBUG:root:enterd interation No:422
DEBUG:root:Sending to : Godhavari
DEBUG:root:enterd interation No:423
DEBUG:root:Sending to : Sita
DEBUG:root:enterd interation No:424
DEBUG:root:Sending to : Nedean
DEBUG:root:enterd interation No:425
DEBUG:root:Sending to : VENKATESH 
DEBUG:root:enterd interation No:426
DEBUG:root:Sending to : chitra
DEBUG:root:enterd interation No:427
DEBUG:root:Sending to : Joan
DEBUG:root:enterd interation No:428
DEBUG:root:Sending to : Shekar
DEBUG:root:enterd interation No:429
DEBUG:root:Sending to : Tilak
DEBUG:root:enterd interation No:430
DEBUG:root:Sending to : Rahul
DEBUG:root:enterd interation No:431
DEBUG:root:Sending to : vishwanath
DEBUG:root:enterd interation No:432
DEBUG:root:Sending to : Muku Satyajit
DEBUG:root:enterd interation No:433
DEBUG:root:Sending to : Selvam
DEBUG:root:enterd interation No:434
DEBUG:root:Sending to : Swathi
DEBUG:root:enterd interation No:435
DEBUG:root:Sending to : Shradhha
DEBUG:root:enterd interation No:436
DEBUG:root:Sending to : Prasad 
DEBUG:root:enterd interation No:437
DEBUG:root:Sending to : Raja
DEBUG:root:enterd interation No:438
DEBUG:root:Sending to : krishnaa
DEBUG:root:enterd interation No:439
DEBUG:root:Sending to : Krishti
DEBUG:root:enterd interation No:440
DEBUG:root:Sending to : Rajesh
DEBUG:root:enterd interation No:441
DEBUG:root:Sending to : Sailakshmi
DEBUG:root:enterd interation No:442
DEBUG:root:Sending to : Amrut
DEBUG:root:enterd interation No:443
DEBUG:root:Sending to : Babitha
DEBUG:root:enterd interation No:444
DEBUG:root:Sending to : K Manges
DEBUG:root:enterd interation No:445
DEBUG:root:Sending to : Aravind
DEBUG:root:enterd interation No:446
DEBUG:root:Sending to : Valentina
DEBUG:root:enterd interation No:447
DEBUG:root:Sending to : Naveen
DEBUG:root:enterd interation No:448
DEBUG:root:Sending to : Ashish Loya
DEBUG:root:enterd interation No:449
ERROR:root:Unexpected Error Occured
ERROR:root:2017-12-27 18:18:21.079417
ERROR:root:Sent upto: 449
ERROR:root:Sent with: 1
DEBUG:root:enterd interation No:450
DEBUG:root:Selected Actual Customers Option
DEBUG:root:enterd interation No:449
ERROR:root:Unexpected Error Occured
ERROR:root:2017-12-27 18:30:02.886918
ERROR:root:Sent upto: 449
ERROR:root:Sent with: 0
DEBUG:root:enterd interation No:450
DEBUG:root:Sending to : Madhubala
DEBUG:root:enterd interation No:451
DEBUG:root:Sending to : Srininvas 
DEBUG:root:enterd interation No:452
DEBUG:root:Sending to : Mohanakrishnan
DEBUG:root:enterd interation No:453
DEBUG:root:Sending to : Deepa
DEBUG:root:enterd interation No:454
DEBUG:root:Selected Sample Option
DEBUG:root:enterd interation No:0
ERROR:root:Unexpected Error Occured
ERROR:root:2017-12-28 09:48:14.326495
ERROR:root:Sent upto:0
DEBUG:root:Selected Sample Option
DEBUG:root:enterd interation No:0
DEBUG:root:Selected Sample Option
DEBUG:root:enterd interation No:0
DEBUG:root:Sending to : Sharmi
DEBUG:root:enterd interation No:1
DEBUG:root:Sending to : be
DEBUG:root:enterd interation No:2
DEBUG:root:Sending to : Deepa
DEBUG:root:enterd interation No:3
DEBUG:root:Sending to : Swathi
DEBUG:root:enterd interation No:4
DEBUG:root:Sending to : Priya
DEBUG:root:enterd interation No:5
DEBUG:root:Sending to : Lakshmi 
DEBUG:root:enterd interation No:6
DEBUG:root:Sending to : Kavitha 
DEBUG:root:enterd interation No:7
DEBUG:root:Sending to : Muthu
DEBUG:root:enterd interation No:8
DEBUG:root:Sending to : Sharmibe
DEBUG:root:enterd interation No:9
DEBUG:root:Sending to : Raghu
DEBUG:root:Selected Actual Customers Option
DEBUG:root:enterd interation No:449
DEBUG:root:Selected Sample Option
DEBUG:root:enterd interation No:0
DEBUG:root:Sending to : Sharmi
