DEBUG:root:Selected Sample Option
DEBUG:root:Selected Actual Customers Option
DEBUG:root:enterd interation No:0
DEBUG:root:Sending to : Sharmi
DEBUG:root:enterd interation No:1
DEBUG:root:Sending to : be
DEBUG:root:enterd interation No:2
DEBUG:root:Sending to : Deepa
DEBUG:root:enterd interation No:3
DEBUG:root:Sending to : Swathi
DEBUG:root:enterd interation No:4
DEBUG:root:Selected Sample Option
DEBUG:root:enterd interation No:0
DEBUG:root:Sending to : Sharmi
DEBUG:root:enterd interation No:1
DEBUG:root:Sending to : be
DEBUG:root:enterd interation No:2
DEBUG:root:Sending to : Deepa
DEBUG:root:enterd interation No:3
DEBUG:root:Sending to : Swathi
DEBUG:root:enterd interation No:4
DEBUG:root:Sending to : Priya
DEBUG:root:enterd interation No:5
DEBUG:root:Sending to : Lakshmi 
DEBUG:root:enterd interation No:6
DEBUG:root:Sending to : Kavitha 
DEBUG:root:enterd interation No:7
DEBUG:root:Sending to : Muthu
DEBUG:root:enterd interation No:8
DEBUG:root:Sending to : Sharmibe
DEBUG:root:enterd interation No:9
DEBUG:root:Sending to : Raghu
INFO:schedule:Running job Every 1 week at 11:30:00 do solvepath() (last run: [never], next run: 2018-04-04 11:30:00)
DEBUG:root:Selected Sample Option
DEBUG:root:Selected Actual Customers Option
DEBUG:root:enterd interation No:0
DEBUG:root:Sending to : Sharmi
DEBUG:root:enterd interation No:1
DEBUG:root:Sending to : be
DEBUG:root:enterd interation No:2
DEBUG:root:Sending to : Deepa
DEBUG:root:enterd interation No:3
DEBUG:root:Sending to : Swathi
DEBUG:root:enterd interation No:4
ERROR:root:Unexpected Error Occured
ERROR:root:2018-04-04 11:24:16.686015
ERROR:root:Sent upto: 4
ERROR:root:Sent with: 0
DEBUG:root:enterd interation No:5
DEBUG:root:Sending to : Lakshmi 
DEBUG:root:enterd interation No:6
DEBUG:root:Sending to : Kavitha 
DEBUG:root:enterd interation No:7
DEBUG:root:Sending to : Muthu
DEBUG:root:enterd interation No:8
DEBUG:root:Sending to : Sharmibe
DEBUG:root:enterd interation No:9
DEBUG:root:Sending to : Raghu
DEBUG:root:Selected Sample Option
DEBUG:root:Selected Actual Customers Option
DEBUG:root:enterd interation No:0
DEBUG:root:Sending to : Sharmi
DEBUG:root:enterd interation No:1
DEBUG:root:Sending to : be
DEBUG:root:enterd interation No:2
DEBUG:root:Sending to : Deepa
DEBUG:root:enterd interation No:3
DEBUG:root:Selected Sample Option
DEBUG:root:Selected Actual Customers Option
DEBUG:root:enterd interation No:0
DEBUG:root:Sending to : Swathi
DEBUG:root:enterd interation No:4
DEBUG:root:Sending to : Sharmi
DEBUG:root:enterd interation No:1
DEBUG:root:Sending to : be
DEBUG:root:enterd interation No:2
DEBUG:root:Sending to : Deepa
DEBUG:root:enterd interation No:3
DEBUG:root:Sending to : Swathi
DEBUG:root:enterd interation No:4
DEBUG:root:Selected Sample Option
DEBUG:root:Selected Actual Customers Option
DEBUG:root:enterd interation No:0
DEBUG:root:Sending to : Sharmi
DEBUG:root:enterd interation No:1
DEBUG:root:Sending to : be
DEBUG:root:enterd interation No:2
DEBUG:root:Sending to : Deepa
DEBUG:root:enterd interation No:3
DEBUG:root:Sending to : Swathi
DEBUG:root:enterd interation No:4
DEBUG:root:Selected Sample Option
DEBUG:root:Selected Actual Customers Option
DEBUG:root:enterd interation No:0
DEBUG:root:Sending to : Sharmi
DEBUG:root:enterd interation No:1
DEBUG:root:Sending to : be
DEBUG:root:enterd interation No:2
DEBUG:root:Sending to : Deepa
DEBUG:root:enterd interation No:3
DEBUG:root:Sending to : Swathi
DEBUG:root:enterd interation No:4
DEBUG:root:Selected Sample Option
DEBUG:root:Selected Actual Customers Option
DEBUG:root:enterd interation No:0
DEBUG:root:Sending to : Sharmi
DEBUG:root:enterd interation No:1
DEBUG:root:Sending to : be
DEBUG:root:enterd interation No:2
DEBUG:root:Sending to : Deepa
DEBUG:root:enterd interation No:3
DEBUG:root:Sending to : Swathi
DEBUG:root:enterd interation No:4
DEBUG:root:Selected Sample Option
DEBUG:root:Selected Actual Customers Option
DEBUG:root:enterd interation No:0
DEBUG:root:Sending to : Sharmi
DEBUG:root:enterd interation No:1
DEBUG:root:Sending to : be
DEBUG:root:enterd interation No:2
DEBUG:root:Sending to : Deepa
DEBUG:root:enterd interation No:3
DEBUG:root:Sending to : Swathi
DEBUG:root:enterd interation No:4
DEBUG:root:Selected Sample Option
DEBUG:root:Selected Actual Customers Option
DEBUG:root:enterd interation No:0
DEBUG:root:Sending to : Sharmi
DEBUG:root:enterd interation No:1
DEBUG:root:Sending to : be
DEBUG:root:enterd interation No:2
DEBUG:root:Sending to : Deepa
DEBUG:root:enterd interation No:3
DEBUG:root:Sending to : Swathi
DEBUG:root:enterd interation No:4
ERROR:root:Unexpected Error Occured
ERROR:root:2018-04-04 14:46:04.163594
ERROR:root:Sent upto: 4
ERROR:root:Sent with: 1
DEBUG:root:enterd interation No:5
ERROR:root:Unexpected Error Occured
ERROR:root:2018-04-04 14:46:04.163594
ERROR:root:Sent upto: 5
ERROR:root:Sent with: 2
DEBUG:root:enterd interation No:6
DEBUG:root:Sending to : Kavitha 
DEBUG:root:enterd interation No:7
DEBUG:root:Sending to : Muthu
DEBUG:root:enterd interation No:8
DEBUG:root:Sending to : Sharmibe
DEBUG:root:enterd interation No:9
DEBUG:root:Sending to : Raghu
DEBUG:root:Selected Sample Option
DEBUG:root:Selected Actual Customers Option
DEBUG:root:enterd interation No:0
DEBUG:root:Sending to : Sharmi
DEBUG:root:enterd interation No:1
DEBUG:root:Sending to : be
DEBUG:root:enterd interation No:2
DEBUG:root:Sending to : Deepa
DEBUG:root:enterd interation No:3
DEBUG:root:Sending to : Swathi
DEBUG:root:enterd interation No:4
ERROR:root:Unexpected Error Occured
ERROR:root:2018-04-04 15:06:33.411368
ERROR:root:Sent upto: 4
ERROR:root:Sent with: 1
DEBUG:root:enterd interation No:5
ERROR:root:Unexpected Error Occured
ERROR:root:2018-04-04 15:06:33.411368
ERROR:root:Sent upto: 5
ERROR:root:Sent with: 2
DEBUG:root:enterd interation No:6
DEBUG:root:Sending to : Kavitha 
DEBUG:root:enterd interation No:7
DEBUG:root:Sending to : Muthu
DEBUG:root:enterd interation No:8
DEBUG:root:Sending to : Sharmibe
DEBUG:root:enterd interation No:9
DEBUG:root:Sending to : Raghu
DEBUG:root:Selected Sample Option
DEBUG:root:Selected Actual Customers Option
DEBUG:root:enterd interation No:0
DEBUG:root:Sending to : Sharmi
DEBUG:root:enterd interation No:1
DEBUG:root:Sending to : be
DEBUG:root:enterd interation No:2
DEBUG:root:Sending to : Deepa
DEBUG:root:enterd interation No:3
DEBUG:root:Sending to : Swathi
DEBUG:root:enterd interation No:4
ERROR:root:Unexpected Error Occured
ERROR:root:2018-04-04 15:17:20.157644
ERROR:root:Sent upto: 4
ERROR:root:Sent with: 1
DEBUG:root:enterd interation No:5
ERROR:root:Unexpected Error Occured
ERROR:root:2018-04-04 15:17:20.157644
ERROR:root:Sent upto: 5
ERROR:root:Sent with: 2
DEBUG:root:enterd interation No:6
DEBUG:root:Sending to : Kavitha 
DEBUG:root:enterd interation No:7
DEBUG:root:Sending to : Muthu
DEBUG:root:enterd interation No:8
DEBUG:root:Sending to : Sharmibe
DEBUG:root:enterd interation No:9
DEBUG:root:Sending to : Raghu
DEBUG:root:Selected Sample Option
DEBUG:root:Selected Actual Customers Option
DEBUG:root:enterd interation No:0
DEBUG:root:Sending to : Sharmi
DEBUG:root:enterd interation No:1
DEBUG:root:Sending to : be
DEBUG:root:enterd interation No:2
DEBUG:root:Sending to : Deepa
DEBUG:root:enterd interation No:3
DEBUG:root:Sending to : Swathi
DEBUG:root:enterd interation No:4
ERROR:root:Unexpected Error Occured
ERROR:root:2018-04-04 15:30:40.117960
ERROR:root:Sent upto: 4
ERROR:root:Sent with: 1
DEBUG:root:enterd interation No:5
ERROR:root:Unexpected Error Occured
ERROR:root:2018-04-04 15:30:40.117960
ERROR:root:Sent upto: 5
ERROR:root:Sent with: 2
DEBUG:root:enterd interation No:6
DEBUG:root:Sending to : Kavitha 
DEBUG:root:enterd interation No:7
DEBUG:root:Sending to : Muthu
DEBUG:root:enterd interation No:8
DEBUG:root:Selected Sample Option
DEBUG:root:Selected Actual Customers Option
DEBUG:root:enterd interation No:0
DEBUG:root:Sending to : Sharmi
DEBUG:root:enterd interation No:1
DEBUG:root:Sending to : be
DEBUG:root:enterd interation No:2
DEBUG:root:Sending to : Deepa
DEBUG:root:enterd interation No:3
DEBUG:root:Sending to : Swathi
DEBUG:root:enterd interation No:4
ERROR:root:Unexpected Error Occured
ERROR:root:2018-04-04 15:59:45.965370
ERROR:root:Sent upto: 4
ERROR:root:Sent with: 1
DEBUG:root:enterd interation No:4
ERROR:root:Unexpected Error Occured
ERROR:root:2018-04-04 15:59:45.965370
ERROR:root:Sent upto: 4
ERROR:root:Sent with: 2
DEBUG:root:enterd interation No:5
ERROR:root:Unexpected Error Occured
ERROR:root:2018-04-04 15:59:45.965370
ERROR:root:Sent upto: 5
ERROR:root:Sent with: 3
DEBUG:root:enterd interation No:6
DEBUG:root:Sending to : Kavitha 
DEBUG:root:enterd interation No:8
DEBUG:root:Sending to : Sharmibe
DEBUG:root:enterd interation No:9
DEBUG:root:Sending to : Raghu
DEBUG:root:Selected Sample Option
DEBUG:root:Selected Actual Customers Option
DEBUG:root:Selected Sample Option
DEBUG:root:Selected Actual Customers Option
DEBUG:root:Selected Sample Option
DEBUG:root:Selected Actual Customers Option
DEBUG:root:enterd interation No:0
DEBUG:root:Sending to : Sharmi
DEBUG:root:enterd interation No:1
DEBUG:root:Sending to : be
DEBUG:root:enterd interation No:2
DEBUG:root:Sending to : Deepa
DEBUG:root:enterd interation No:3
DEBUG:root:Sending to : Swathi
DEBUG:root:enterd interation No:4
ERROR:root:Unexpected Error Occured
ERROR:root:2018-04-04 16:48:36.345264
ERROR:root:Sent upto: 4
ERROR:root:Sent with: 1
DEBUG:root:enterd interation No:4
ERROR:root:Unexpected Error Occured
ERROR:root:2018-04-04 16:48:36.345264
ERROR:root:Sent upto: 4
ERROR:root:Sent with: 2
DEBUG:root:enterd interation No:4
ERROR:root:Unexpected Error Occured
ERROR:root:2018-04-04 16:48:36.345264
ERROR:root:Sent upto: 4
ERROR:root:Sent with: 3
DEBUG:root:enterd interation No:4
ERROR:root:Unexpected Error Occured
ERROR:root:2018-04-04 16:48:36.345264
ERROR:root:Sent upto: 4
ERROR:root:Sent with: 4
DEBUG:root:enterd interation No:4
ERROR:root:Unexpected Error Occured
ERROR:root:2018-04-04 16:48:36.345264
ERROR:root:Sent upto: 4
ERROR:root:Sent with: 5
DEBUG:root:enterd interation No:4
ERROR:root:Unexpected Error Occured
ERROR:root:2018-04-04 16:48:36.345264
ERROR:root:Sent upto: 4
ERROR:root:Sent with: 6
DEBUG:root:enterd interation No:4
ERROR:root:Unexpected Error Occured
ERROR:root:2018-04-04 16:48:36.345264
ERROR:root:Sent upto: 4
ERROR:root:Sent with: 7
DEBUG:root:enterd interation No:4
ERROR:root:Unexpected Error Occured
ERROR:root:2018-04-04 16:48:36.345264
ERROR:root:Sent upto: 4
ERROR:root:Sent with: 8
DEBUG:root:enterd interation No:4
ERROR:root:Unexpected Error Occured
ERROR:root:2018-04-04 16:48:36.345264
ERROR:root:Sent upto: 4
ERROR:root:Sent with: 9
DEBUG:root:enterd interation No:4
ERROR:root:Unexpected Error Occured
ERROR:root:2018-04-04 16:48:36.345264
ERROR:root:Sent upto: 4
ERROR:root:Sent with: 10
DEBUG:root:enterd interation No:4
ERROR:root:Unexpected Error Occured
ERROR:root:2018-04-04 16:48:36.345264
ERROR:root:Sent upto: 4
ERROR:root:Sent with: 11
DEBUG:root:enterd interation No:4
DEBUG:root:Selected Sample Option
DEBUG:root:Selected Actual Customers Option
DEBUG:root:enterd interation No:0
DEBUG:root:Sending to : Sharmi
DEBUG:root:enterd interation No:1
DEBUG:root:Sending to : be
DEBUG:root:enterd interation No:2
DEBUG:root:Sending to : Deepa
DEBUG:root:enterd interation No:3
DEBUG:root:Sending to : Swathi
DEBUG:root:enterd interation No:4
ERROR:root:Unexpected Error Occured
ERROR:root:2018-04-04 16:57:36.952994
ERROR:root:Sent upto: 4
ERROR:root:Sent with: 1
DEBUG:root:enterd interation No:4
ERROR:root:Unexpected Error Occured
ERROR:root:2018-04-04 16:57:36.952994
ERROR:root:Sent upto: 4
ERROR:root:Sent with: 2
DEBUG:root:enterd interation No:4
ERROR:root:Unexpected Error Occured
ERROR:root:2018-04-04 16:57:36.952994
ERROR:root:Sent upto: 4
ERROR:root:Sent with: 3
DEBUG:root:enterd interation No:4
ERROR:root:Unexpected Error Occured
ERROR:root:2018-04-04 16:57:36.952994
ERROR:root:Sent upto: 4
ERROR:root:Sent with: 4
DEBUG:root:enterd interation No:4
ERROR:root:Unexpected Error Occured
ERROR:root:2018-04-04 16:57:36.952994
ERROR:root:Sent upto: 4
ERROR:root:Sent with: 5
DEBUG:root:enterd interation No:4
ERROR:root:Unexpected Error Occured
ERROR:root:2018-04-04 16:57:36.952994
ERROR:root:Sent upto: 4
ERROR:root:Sent with: 6
DEBUG:root:enterd interation No:4
ERROR:root:Unexpected Error Occured
ERROR:root:2018-04-04 16:57:36.952994
ERROR:root:Sent upto: 4
ERROR:root:Sent with: 7
DEBUG:root:enterd interation No:4
ERROR:root:Unexpected Error Occured
ERROR:root:2018-04-04 16:57:36.952994
ERROR:root:Sent upto: 4
ERROR:root:Sent with: 8
DEBUG:root:enterd interation No:4
ERROR:root:Unexpected Error Occured
ERROR:root:2018-04-04 16:57:36.952994
ERROR:root:Sent upto: 4
ERROR:root:Sent with: 9
DEBUG:root:enterd interation No:4
ERROR:root:Unexpected Error Occured
ERROR:root:2018-04-04 16:57:36.952994
ERROR:root:Sent upto: 4
ERROR:root:Sent with: 10
DEBUG:root:enterd interation No:4
ERROR:root:Unexpected Error Occured
ERROR:root:2018-04-04 16:57:36.952994
ERROR:root:Sent upto: 4
ERROR:root:Sent with: 11
DEBUG:root:enterd interation No:4
DEBUG:root:Selected Sample Option
DEBUG:root:Selected Actual Customers Option
DEBUG:root:enterd interation No:0
DEBUG:root:Sending to : Sharmi
DEBUG:root:enterd interation No:1
DEBUG:root:Sending to : be
DEBUG:root:enterd interation No:2
DEBUG:root:Sending to : Deepa
DEBUG:root:enterd interation No:3
DEBUG:root:Sending to : Swathi
DEBUG:root:enterd interation No:5
ERROR:root:Unexpected Error Occured
ERROR:root:2018-04-04 17:10:39.214631
ERROR:root:Sent upto: 5
ERROR:root:Sent with: 1
DEBUG:root:enterd interation No:5
ERROR:root:Unexpected Error Occured
ERROR:root:2018-04-04 17:10:39.214631
ERROR:root:Sent upto: 5
ERROR:root:Sent with: 2
DEBUG:root:enterd interation No:5
ERROR:root:Unexpected Error Occured
ERROR:root:2018-04-04 17:10:39.214631
ERROR:root:Sent upto: 5
ERROR:root:Sent with: 3
DEBUG:root:enterd interation No:5
ERROR:root:Unexpected Error Occured
ERROR:root:2018-04-04 17:10:39.214631
ERROR:root:Sent upto: 5
ERROR:root:Sent with: 4
DEBUG:root:enterd interation No:5
ERROR:root:Unexpected Error Occured
ERROR:root:2018-04-04 17:10:39.214631
ERROR:root:Sent upto: 5
ERROR:root:Sent with: 5
DEBUG:root:enterd interation No:5
ERROR:root:Unexpected Error Occured
ERROR:root:2018-04-04 17:10:39.214631
ERROR:root:Sent upto: 5
ERROR:root:Sent with: 6
DEBUG:root:enterd interation No:5
ERROR:root:Unexpected Error Occured
ERROR:root:2018-04-04 17:10:39.214631
ERROR:root:Sent upto: 5
ERROR:root:Sent with: 7
DEBUG:root:enterd interation No:5
ERROR:root:Unexpected Error Occured
ERROR:root:2018-04-04 17:10:39.214631
ERROR:root:Sent upto: 5
ERROR:root:Sent with: 8
DEBUG:root:enterd interation No:5
ERROR:root:Unexpected Error Occured
ERROR:root:2018-04-04 17:10:39.214631
ERROR:root:Sent upto: 5
ERROR:root:Sent with: 9
DEBUG:root:enterd interation No:5
ERROR:root:Unexpected Error Occured
ERROR:root:2018-04-04 17:10:39.214631
ERROR:root:Sent upto: 5
ERROR:root:Sent with: 10
DEBUG:root:enterd interation No:5
ERROR:root:Unexpected Error Occured
ERROR:root:2018-04-04 17:10:39.214631
ERROR:root:Sent upto: 5
ERROR:root:Sent with: 11
DEBUG:root:enterd interation No:5
DEBUG:root:Selected Sample Option
DEBUG:root:Selected Actual Customers Option
DEBUG:root:enterd interation No:0
DEBUG:root:Sending to : Sharmi
DEBUG:root:enterd interation No:1
DEBUG:root:Sending to : be
DEBUG:root:enterd interation No:2
DEBUG:root:Sending to : Deepa
DEBUG:root:enterd interation No:3
DEBUG:root:Sending to : Swathi
DEBUG:root:enterd interation No:5
ERROR:root:Unexpected Error Occured
ERROR:root:2018-04-04 17:16:19.927784
ERROR:root:Sent upto: 5
ERROR:root:Sent with: 1
DEBUG:root:enterd interation No:5
ERROR:root:Unexpected Error Occured
ERROR:root:2018-04-04 17:16:19.927784
ERROR:root:Sent upto: 5
ERROR:root:Sent with: 2
DEBUG:root:enterd interation No:5
ERROR:root:Unexpected Error Occured
ERROR:root:2018-04-04 17:16:19.927784
ERROR:root:Sent upto: 5
ERROR:root:Sent with: 3
DEBUG:root:enterd interation No:5
ERROR:root:Unexpected Error Occured
ERROR:root:2018-04-04 17:16:19.927784
ERROR:root:Sent upto: 5
ERROR:root:Sent with: 4
DEBUG:root:enterd interation No:5
ERROR:root:Unexpected Error Occured
ERROR:root:2018-04-04 17:16:19.927784
ERROR:root:Sent upto: 5
ERROR:root:Sent with: 5
DEBUG:root:enterd interation No:5
ERROR:root:Unexpected Error Occured
ERROR:root:2018-04-04 17:16:19.927784
ERROR:root:Sent upto: 5
ERROR:root:Sent with: 6
DEBUG:root:enterd interation No:5
ERROR:root:Unexpected Error Occured
ERROR:root:2018-04-04 17:16:19.927784
ERROR:root:Sent upto: 5
ERROR:root:Sent with: 7
DEBUG:root:enterd interation No:5
ERROR:root:Unexpected Error Occured
ERROR:root:2018-04-04 17:16:19.927784
ERROR:root:Sent upto: 5
ERROR:root:Sent with: 8
DEBUG:root:enterd interation No:5
ERROR:root:Unexpected Error Occured
ERROR:root:2018-04-04 17:16:19.927784
ERROR:root:Sent upto: 5
ERROR:root:Sent with: 9
DEBUG:root:enterd interation No:5
ERROR:root:Unexpected Error Occured
ERROR:root:2018-04-04 17:16:19.927784
ERROR:root:Sent upto: 5
ERROR:root:Sent with: 10
DEBUG:root:enterd interation No:5
ERROR:root:Unexpected Error Occured
ERROR:root:2018-04-04 17:16:19.927784
ERROR:root:Sent upto: 5
ERROR:root:Sent with: 11
DEBUG:root:enterd interation No:5
DEBUG:root:Selected Sample Option
DEBUG:root:Selected Actual Customers Option
DEBUG:root:enterd interation No:0
DEBUG:root:Sending to : Sharmi
DEBUG:root:enterd interation No:1
DEBUG:root:Sending to : be
DEBUG:root:enterd interation No:2
DEBUG:root:Sending to : Deepa
DEBUG:root:enterd interation No:3
DEBUG:root:Sending to : Swathi
