DEBUG:root:Selected Sample Option
DEBUG:root:Selected Actual Customers Option
DEBUG:root:enterd interation No:0
DEBUG:root:Sending to : Sharmi
DEBUG:root:enterd interation No:1
DEBUG:root:Sending to : be
DEBUG:root:enterd interation No:2
DEBUG:root:Sending to : Deepa
DEBUG:root:enterd interation No:3
DEBUG:root:Sending to : Swathi
DEBUG:root:Selected Sample Option
DEBUG:root:Selected Actual Customers Option
DEBUG:root:enterd interation No:0
DEBUG:root:Sending to : Sharmi
DEBUG:root:enterd interation No:1
DEBUG:root:Sending to : be
DEBUG:root:enterd interation No:2
DEBUG:root:Sending to : Deepa
DEBUG:root:enterd interation No:3
DEBUG:root:Sending to : Swathi
DEBUG:root:Selected Sample Option
DEBUG:root:Selected Actual Customers Option
DEBUG:root:enterd interation No:0
DEBUG:root:Sending to : Sharmi
DEBUG:root:enterd interation No:1
DEBUG:root:Sending to : be
DEBUG:root:enterd interation No:2
DEBUG:root:Sending to : Deepa
DEBUG:root:enterd interation No:3
DEBUG:root:Sending to : Swathi
DEBUG:root:enterd interation No:5
ERROR:root:Unexpected Error Occured
ERROR:root:2018-04-05 09:55:56.180717
ERROR:root:Sent upto: 5
ERROR:root:Sent with: 0
DEBUG:root:enterd interation No:6
DEBUG:root:Sending to : Muthu
DEBUG:root:enterd interation No:7
DEBUG:root:Sending to : Sharmibe
DEBUG:root:enterd interation No:8
DEBUG:root:Sending to : Raghu
DEBUG:root:Selected Sample Option
DEBUG:root:Selected Actual Customers Option
DEBUG:root:enterd interation No:0
DEBUG:root:Sending to : Sharmi
DEBUG:root:enterd interation No:1
DEBUG:root:Sending to : be
DEBUG:root:enterd interation No:2
DEBUG:root:Sending to : Deepa
DEBUG:root:enterd interation No:3
DEBUG:root:Sending to : Swathi
DEBUG:root:enterd interation No:4
ERROR:root:Unexpected Error Occured
ERROR:root:2018-04-05 10:24:28.866934
ERROR:root:Sent upto: 4
ERROR:root:Sent with: 0
DEBUG:root:enterd interation No:4
ERROR:root:Unexpected Error Occured
ERROR:root:2018-04-05 10:24:28.866934
ERROR:root:Sent upto: 4
ERROR:root:Sent with: 1
DEBUG:root:enterd interation No:4
ERROR:root:Unexpected Error Occured
ERROR:root:2018-04-05 10:24:28.866934
ERROR:root:Sent upto: 4
ERROR:root:Sent with: 2
DEBUG:root:enterd interation No:4
ERROR:root:Unexpected Error Occured
ERROR:root:2018-04-05 10:24:28.866934
ERROR:root:Sent upto: 4
ERROR:root:Sent with: 3
DEBUG:root:enterd interation No:4
ERROR:root:Unexpected Error Occured
ERROR:root:2018-04-05 10:24:28.866934
ERROR:root:Sent upto: 4
ERROR:root:Sent with: 4
DEBUG:root:enterd interation No:4
ERROR:root:Unexpected Error Occured
ERROR:root:2018-04-05 10:24:28.866934
ERROR:root:Sent upto: 4
ERROR:root:Sent with: 5
DEBUG:root:enterd interation No:4
ERROR:root:Unexpected Error Occured
ERROR:root:2018-04-05 10:24:28.866934
ERROR:root:Sent upto: 4
ERROR:root:Sent with: 6
DEBUG:root:enterd interation No:4
ERROR:root:Unexpected Error Occured
ERROR:root:2018-04-05 10:24:28.866934
ERROR:root:Sent upto: 4
ERROR:root:Sent with: 7
DEBUG:root:enterd interation No:4
ERROR:root:Unexpected Error Occured
ERROR:root:2018-04-05 10:24:28.866934
ERROR:root:Sent upto: 4
ERROR:root:Sent with: 8
DEBUG:root:enterd interation No:4
ERROR:root:Unexpected Error Occured
ERROR:root:2018-04-05 10:24:28.866934
ERROR:root:Sent upto: 4
ERROR:root:Sent with: 9
DEBUG:root:enterd interation No:4
ERROR:root:Unexpected Error Occured
ERROR:root:2018-04-05 10:24:28.866934
ERROR:root:Sent upto: 4
ERROR:root:Sent with: 10
DEBUG:root:enterd interation No:4
ERROR:root:Unexpected Error Occured
ERROR:root:2018-04-05 10:24:28.866934
ERROR:root:Sent upto: 4
ERROR:root:Sent with: 11
DEBUG:root:enterd interation No:4
DEBUG:root:Selected Sample Option
DEBUG:root:Selected Actual Customers Option
DEBUG:root:enterd interation No:0
DEBUG:root:Sending to : Sharmi
DEBUG:root:enterd interation No:1
DEBUG:root:Sending to : be
DEBUG:root:enterd interation No:2
DEBUG:root:Sending to : Deepa
DEBUG:root:enterd interation No:3
DEBUG:root:Sending to : Swathi
DEBUG:root:enterd interation No:4
ERROR:root:Unexpected Error Occured
ERROR:root:2018-04-05 12:18:11.487524
ERROR:root:Sent upto: 4
ERROR:root:Sent with: 0
DEBUG:root:enterd interation No:4
ERROR:root:Unexpected Error Occured
ERROR:root:2018-04-05 12:18:11.487524
ERROR:root:Sent upto: 4
ERROR:root:Sent with: 1
DEBUG:root:enterd interation No:4
ERROR:root:Unexpected Error Occured
ERROR:root:2018-04-05 12:18:11.487524
ERROR:root:Sent upto: 4
ERROR:root:Sent with: 2
DEBUG:root:enterd interation No:4
ERROR:root:Unexpected Error Occured
ERROR:root:2018-04-05 12:18:11.487524
ERROR:root:Sent upto: 4
ERROR:root:Sent with: 3
DEBUG:root:enterd interation No:4
ERROR:root:Unexpected Error Occured
ERROR:root:2018-04-05 12:18:11.487524
ERROR:root:Sent upto: 4
ERROR:root:Sent with: 4
DEBUG:root:enterd interation No:4
ERROR:root:Unexpected Error Occured
ERROR:root:2018-04-05 12:18:11.487524
ERROR:root:Sent upto: 4
ERROR:root:Sent with: 5
DEBUG:root:enterd interation No:4
ERROR:root:Unexpected Error Occured
ERROR:root:2018-04-05 12:18:11.487524
ERROR:root:Sent upto: 4
ERROR:root:Sent with: 6
DEBUG:root:Selected Sample Option
DEBUG:root:Selected Actual Customers Option
DEBUG:root:enterd interation No:0
DEBUG:root:Sending to : Sharmi
DEBUG:root:enterd interation No:1
DEBUG:root:Sending to : be
DEBUG:root:enterd interation No:2
DEBUG:root:Sending to : Deepa
DEBUG:root:enterd interation No:3
DEBUG:root:Sending to : Swathi
DEBUG:root:enterd interation No:4
DEBUG:root:Sending to : Lakshmi 
DEBUG:root:enterd interation No:5
DEBUG:root:Sending to : Kavitha 
DEBUG:root:enterd interation No:6
DEBUG:root:Sending to : Muthu
DEBUG:root:enterd interation No:7
DEBUG:root:Sending to : Sharmibe
DEBUG:root:enterd interation No:8
DEBUG:root:Sending to : Raghu
INFO:schedule:Running job Every 1 week at 12:44:00 do solvepath() (last run: [never], next run: 2018-04-05 12:44:00)
DEBUG:root:Selected Sample Option
DEBUG:root:Selected Actual Customers Option
DEBUG:root:enterd interation No:0
DEBUG:root:Sending to : Sharmi
DEBUG:root:enterd interation No:1
DEBUG:root:Sending to : be
DEBUG:root:enterd interation No:2
DEBUG:root:Sending to : Deepa
DEBUG:root:enterd interation No:3
DEBUG:root:Sending to : Swathi
DEBUG:root:enterd interation No:4
DEBUG:root:Sending to : Lakshmi 
DEBUG:root:enterd interation No:5
DEBUG:root:Sending to : Kavitha 
DEBUG:root:enterd interation No:6
DEBUG:root:Sending to : Muthu
DEBUG:root:enterd interation No:7
DEBUG:root:Sending to : Sharmibe
DEBUG:root:enterd interation No:8
DEBUG:root:Sending to : Raghu
