DEBUG:root:Selected Sample Option
DEBUG:root:Selected Sample Option
DEBUG:root:enterd interation No:0
DEBUG:root:Selected Sample Option
DEBUG:root:enterd interation No:0
DEBUG:root:Selected Sample Option
DEBUG:root:enterd interation No:0
DEBUG:root:Selected Sample Option
DEBUG:root:enterd interation No:0
DEBUG:root:Selected Sample Option
DEBUG:root:Selected Actual Customers Option
DEBUG:root:enterd interation No:0
DEBUG:root:Sending to : Sharmi
DEBUG:root:enterd interation No:1
DEBUG:root:Sending to : be
DEBUG:root:enterd interation No:2
DEBUG:root:Sending to : Deepa
DEBUG:root:enterd interation No:3
DEBUG:root:Sending to : Swathi
DEBUG:root:enterd interation No:4
DEBUG:root:Sending to : Priya
DEBUG:root:enterd interation No:5
DEBUG:root:Sending to : Lakshmi 
DEBUG:root:enterd interation No:6
DEBUG:root:Sending to : Kavitha 
DEBUG:root:enterd interation No:7
DEBUG:root:Sending to : Muthu
DEBUG:root:enterd interation No:8
DEBUG:root:Sending to : Sharmibe
DEBUG:root:enterd interation No:9
DEBUG:root:Sending to : Raghu
DEBUG:root:Selected Sample Option
DEBUG:root:enterd interation No:0
DEBUG:root:Selected Sample Option
DEBUG:root:enterd interation No:0
DEBUG:root:Selected Sample Option
DEBUG:root:enterd interation No:0
DEBUG:root:Selected Sample Option
DEBUG:root:enterd interation No:0
DEBUG:root:Selected Sample Option
DEBUG:root:enterd interation No:0
DEBUG:root:Selected Sample Option
DEBUG:root:enterd interation No:0
DEBUG:root:Selected Sample Option
DEBUG:root:enterd interation No:0
DEBUG:root:Selected Sample Option
DEBUG:root:enterd interation No:0
DEBUG:root:Sending to : Sharmi
DEBUG:root:enterd interation No:1
DEBUG:root:Sending to : be
DEBUG:root:enterd interation No:2
DEBUG:root:Sending to : Deepa
DEBUG:root:enterd interation No:3
DEBUG:root:Sending to : Swathi
DEBUG:root:enterd interation No:4
DEBUG:root:Sending to : Priya
DEBUG:root:enterd interation No:5
DEBUG:root:Sending to : Lakshmi 
DEBUG:root:enterd interation No:6
DEBUG:root:Sending to : Kavitha 
DEBUG:root:enterd interation No:7
DEBUG:root:Sending to : Muthu
DEBUG:root:enterd interation No:8
DEBUG:root:Sending to : Sharmibe
DEBUG:root:enterd interation No:9
DEBUG:root:Sending to : Raghu
INFO:schedule:Running job Every 1 week at 11:50:00 do solvepath() (last run: [never], next run: 2018-04-09 11:50:00)
DEBUG:root:Selected Sample Option
DEBUG:root:Selected Actual Customers Option
DEBUG:root:enterd interation No:0
DEBUG:root:Sending to : Sharmi
DEBUG:root:enterd interation No:1
DEBUG:root:Sending to : be
DEBUG:root:enterd interation No:2
DEBUG:root:Sending to : Deepa
DEBUG:root:enterd interation No:3
DEBUG:root:Sending to : Swathi
DEBUG:root:enterd interation No:4
DEBUG:root:Sending to : Priya
DEBUG:root:enterd interation No:5
DEBUG:root:Sending to : Lakshmi 
DEBUG:root:enterd interation No:6
DEBUG:root:Sending to : Kavitha 
DEBUG:root:enterd interation No:7
DEBUG:root:Sending to : Muthu
DEBUG:root:enterd interation No:8
ERROR:root:2018-04-09 11:47:50.847705
ERROR:root:Internet Connection Not Established
DEBUG:root:Mail Started Running
DEBUG:root:Mail Automata Stalled and Process Started again 
DEBUG:root:2018-04-09 11:47:50.847705
DEBUG:root:Internet Connection Established
DEBUG:root:enterd interation No:8
ERROR:root:2018-04-09 11:47:50.847705
ERROR:root:Internet Connection Not Established
DEBUG:root:Mail Started Running
DEBUG:root:Mail Automata Stalled and Process Started again 
DEBUG:root:2018-04-09 11:47:50.847705
DEBUG:root:Internet Connection Established
DEBUG:root:enterd interation No:8
ERROR:root:2018-04-09 11:47:50.847705
ERROR:root:Internet Connection Not Established
DEBUG:root:Mail Started Running
DEBUG:root:Mail Automata Stalled and Process Started again 
DEBUG:root:Mail Started Running
DEBUG:root:Mail Automata Stalled and Process Started again 
INFO:schedule:Running job Every 1 week at 12:10:00 do solvepath() (last run: [never], next run: 2018-04-09 12:10:00)
DEBUG:root:Selected Sample Option
DEBUG:root:Selected Actual Customers Option
DEBUG:root:enterd interation No:0
DEBUG:root:Sending to : Sharmi
DEBUG:root:enterd interation No:1
DEBUG:root:Sending to : be
DEBUG:root:enterd interation No:2
DEBUG:root:Sending to : Deepa
DEBUG:root:enterd interation No:3
DEBUG:root:Sending to : Swathi
DEBUG:root:enterd interation No:4
DEBUG:root:Sending to : Priya
DEBUG:root:enterd interation No:5
DEBUG:root:Sending to : Lakshmi 
DEBUG:root:enterd interation No:6
DEBUG:root:Sending to : Kavitha 
DEBUG:root:enterd interation No:7
DEBUG:root:Sending to : Muthu
DEBUG:root:enterd interation No:8
DEBUG:root:Sending to : Sharmibe
DEBUG:root:enterd interation No:9
DEBUG:root:Sending to : Raghu
