DEBUG:root:Selected Sample Option
DEBUG:root:enterd interation No:0
ERROR:root:Unexpected Error Occured
ERROR:root:2018-04-18 16:56:14.262653
ERROR:root:Sent upto:0
DEBUG:root:Selected Sample Option
DEBUG:root:enterd interation No:0
DEBUG:root:Sending to : Sharmi
DEBUG:root:enterd interation No:1
DEBUG:root:Sending to : be
DEBUG:root:enterd interation No:2
DEBUG:root:Sending to : Deepa
DEBUG:root:enterd interation No:3
DEBUG:root:Sending to : Swathi
DEBUG:root:enterd interation No:4
DEBUG:root:Sending to : Priya
DEBUG:root:enterd interation No:5
DEBUG:root:Sending to : Lakshmi 
DEBUG:root:enterd interation No:6
DEBUG:root:Selected Sample Option
DEBUG:root:enterd interation No:0
DEBUG:root:Sending to : Sharmi
DEBUG:root:enterd interation No:1
DEBUG:root:Sending to : be
DEBUG:root:enterd interation No:2
DEBUG:root:Sending to : Deepa
DEBUG:root:enterd interation No:3
DEBUG:root:Sending to : Swathi
DEBUG:root:enterd interation No:4
DEBUG:root:Sending to : Priya
DEBUG:root:enterd interation No:5
DEBUG:root:Sending to : Lakshmi 
DEBUG:root:enterd interation No:6
DEBUG:root:Sending to : Kavitha 
DEBUG:root:enterd interation No:7
DEBUG:root:Sending to : Muthu
DEBUG:root:enterd interation No:8
DEBUG:root:Sending to : Sharmibe
DEBUG:root:enterd interation No:9
DEBUG:root:Sending to : Raghu
